#! /usr/bin/vvp
:ivl_version "11.0 (stable)";
:ivl_delay_selection "TYPICAL";
:vpi_time_precision + 0;
:vpi_module "/usr/lib/x86_64-linux-gnu/ivl/system.vpi";
:vpi_module "/usr/lib/x86_64-linux-gnu/ivl/vhdl_sys.vpi";
:vpi_module "/usr/lib/x86_64-linux-gnu/ivl/vhdl_textio.vpi";
:vpi_module "/usr/lib/x86_64-linux-gnu/ivl/v2005_math.vpi";
:vpi_module "/usr/lib/x86_64-linux-gnu/ivl/va_math.vpi";
:vpi_module "/usr/lib/x86_64-linux-gnu/ivl/v2009.vpi";
S_0x564110d366d0 .scope package, "$unit" "$unit" 2 1;
 .timescale 0 0;
S_0x564110d38630 .scope module, "mips_core" "mips_core" 3 63;
 .timescale 0 0;
    .port_info 0 /OUTPUT 30 "inst_addr";
    .port_info 1 /OUTPUT 30 "mem_addr";
    .port_info 2 /OUTPUT 32 "mem_data_in";
    .port_info 3 /OUTPUT 4 "mem_write_en";
    .port_info 4 /OUTPUT 1 "halted";
    .port_info 5 /INPUT 1 "clk";
    .port_info 6 /INPUT 1 "inst_excpt";
    .port_info 7 /INPUT 1 "mem_excpt";
    .port_info 8 /INPUT 32 "inst";
    .port_info 9 /INPUT 32 "mem_data_out";
    .port_info 10 /INPUT 1 "rst_b";
P_0x564110d3c590 .param/l "text_start" 0 3 70, C4<00000000010000000000000000000000>;
o0x7fa474eabe18 .functor BUFZ 32, C4<zzzzzzzzzzzzzzzzzzzzzzzzzzzzzzzz>; HiZ drive
L_0x564110d310d0 .functor BUFZ 32, o0x7fa474eabe18, C4<00000000000000000000000000000000>, C4<00000000000000000000000000000000>, C4<00000000000000000000000000000000>;
L_0x564110d37120 .functor NOT 1, L_0x564110d71e10, C4<0>, C4<0>, C4<0>;
L_0x564110d37990 .functor NOT 1, L_0x564110d71e10, C4<0>, C4<0>, C4<0>;
L_0x564110d71e10 .functor OR 1, L_0x564110d3a810, L_0x564110d71cb0, C4<0>, C4<0>;
v0x564110d5a5e0_0 .net *"_ivl_31", 0 0, L_0x564110d6eac0;  1 drivers
v0x564110d5a6e0_0 .net *"_ivl_32", 13 0, L_0x564110d6eb90;  1 drivers
L_0x7fa474e610f0 .functor BUFT 1, C4<00>, C4<0>, C4<0>, C4<0>;
v0x564110d5a7c0_0 .net/2u *"_ivl_34", 1 0, L_0x7fa474e610f0;  1 drivers
v0x564110d5a880_0 .net *"_ivl_39", 0 0, L_0x564110d6efd0;  1 drivers
v0x564110d5a960_0 .net *"_ivl_40", 15 0, L_0x564110d6f0f0;  1 drivers
L_0x7fa474e61138 .functor BUFT 1, C4<0000000000000000>, C4<0>, C4<0>, C4<0>;
v0x564110d5aa40_0 .net/2u *"_ivl_46", 15 0, L_0x7fa474e61138;  1 drivers
v0x564110d5ab20_0 .net *"_ivl_51", 0 0, L_0x564110d6f970;  1 drivers
v0x564110d5ac00_0 .net *"_ivl_52", 15 0, L_0x564110d6fa10;  1 drivers
v0x564110d5ace0_0 .net *"_ivl_67", 1 0, L_0x564110d71490;  1 drivers
L_0x7fa474e61258 .functor BUFT 1, C4<00>, C4<0>, C4<0>, C4<0>;
v0x564110d5ae50_0 .net/2u *"_ivl_68", 1 0, L_0x7fa474e61258;  1 drivers
v0x564110d5af30_0 .net *"_ivl_70", 0 0, L_0x564110d71690;  1 drivers
L_0x7fa474e612a0 .functor BUFT 1, C4<1>, C4<0>, C4<0>, C4<0>;
v0x564110d5aff0_0 .net/2u *"_ivl_72", 0 0, L_0x7fa474e612a0;  1 drivers
L_0x7fa474e612e8 .functor BUFT 1, C4<0>, C4<0>, C4<0>, C4<0>;
v0x564110d5b0d0_0 .net/2u *"_ivl_74", 0 0, L_0x7fa474e612e8;  1 drivers
L_0x7fa474e614e0 .functor BUFT 1, C4<0000000000000000000000000>, C4<0>, C4<0>, C4<0>;
v0x564110d5b1b0_0 .net/2u *"_ivl_90", 24 0, L_0x7fa474e614e0;  1 drivers
L_0x7fa474e61528 .functor BUFT 1, C4<00>, C4<0>, C4<0>, C4<0>;
v0x564110d5b290_0 .net/2u *"_ivl_92", 1 0, L_0x7fa474e61528;  1 drivers
v0x564110d5b370_0 .net "alu__out", 31 0, L_0x564110d70280;  1 drivers
v0x564110d5b430_0 .net "alu__sel", 3 0, v0x564110d54bc0_0;  1 drivers
v0x564110d5b600_0 .net "bad_v_addr", 31 0, v0x564110d53e80_0;  1 drivers
v0x564110d5b6c0_0 .net "cause", 31 0, v0x564110d54680_0;  1 drivers
v0x564110d5b760_0 .net "cause_code", 4 0, v0x564110d571c0_0;  1 drivers
o0x7fa474eaa2e8 .functor BUFZ 1, C4<z>; HiZ drive
v0x564110d5b800_0 .net "clk", 0 0, o0x7fa474eaa2e8;  0 drivers
v0x564110d5b9b0_0 .net "ctrl_RI", 0 0, v0x564110d54ca0_0;  1 drivers
v0x564110d5baa0_0 .net "ctrl_Sys", 0 0, v0x564110d54d40_0;  1 drivers
v0x564110d5bb90_0 .net "ctrl_we", 0 0, v0x564110d54e10_0;  1 drivers
v0x564110d5bc30_0 .net "dcd_bczft", 0 0, L_0x564110d6e650;  1 drivers
v0x564110d5bcd0_0 .net "dcd_code", 19 0, L_0x564110d6ff20;  1 drivers
v0x564110d5bd90_0 .net "dcd_e_imm", 31 0, L_0x564110d6f790;  1 drivers
v0x564110d5be70_0 .net "dcd_funct1", 4 0, L_0x564110d6e6f0;  1 drivers
v0x564110d5bf50_0 .net "dcd_funct2", 5 0, L_0x564110d6e810;  1 drivers
v0x564110d5c010_0 .net "dcd_imm", 15 0, L_0x564110d6f670;  1 drivers
v0x564110d5c0d0_0 .net "dcd_offset", 15 0, L_0x564110d6e9c0;  1 drivers
v0x564110d5c1b0_0 .net "dcd_op", 5 0, L_0x564110d6e190;  1 drivers
v0x564110d5c2a0_0 .net "dcd_rd", 4 0, L_0x564110d6e470;  1 drivers
v0x564110d5c570_0 .net "dcd_rs", 4 0, L_0x564110d6e280;  1 drivers
v0x564110d5c650_0 .net "dcd_rt", 4 0, L_0x564110d6e3a0;  1 drivers
v0x564110d5c730_0 .net "dcd_se_imm", 31 0, L_0x564110d6f8d0;  1 drivers
v0x564110d5c840_0 .net "dcd_se_mem_offset", 31 0, L_0x564110d6f540;  1 drivers
v0x564110d5c920_0 .net "dcd_se_offset", 31 0, L_0x564110d6ee80;  1 drivers
v0x564110d5ca00_0 .net "dcd_shamt", 4 0, L_0x564110d6e540;  1 drivers
v0x564110d5cae0_0 .net "dcd_target", 25 0, L_0x564110d6fdc0;  1 drivers
v0x564110d5cbc0_0 .net "epc", 31 0, v0x564110d55880_0;  1 drivers
v0x564110d5cc80_0 .net "exception_halt", 0 0, L_0x564110d3a810;  1 drivers
v0x564110d5cd50_0 .net "halted", 0 0, v0x564110d57fe0_0;  1 drivers
o0x7fa474eabd58 .functor BUFZ 32, C4<zzzzzzzzzzzzzzzzzzzzzzzzzzzzzzzz>; HiZ drive
v0x564110d5ce20_0 .net "inst", 31 0, o0x7fa474eabd58;  0 drivers
v0x564110d5cec0_0 .net "inst_addr", 29 0, L_0x564110d6e0f0;  1 drivers
o0x7fa474eaaa98 .functor BUFZ 1, C4<z>; HiZ drive
v0x564110d5cf80_0 .net "inst_excpt", 0 0, o0x7fa474eaaa98;  0 drivers
v0x564110d5d050_0 .net "internal_halt", 0 0, L_0x564110d71e10;  1 drivers
v0x564110d5d120_0 .net "load_bva", 0 0, L_0x564110d710d0;  1 drivers
v0x564110d5d210_0 .net "load_bva_sel", 0 0, L_0x564110d71290;  1 drivers
v0x564110d5d2b0_0 .net "load_ex_regs", 0 0, L_0x564110d70bc0;  1 drivers
L_0x7fa474e61018 .functor BUFT 1, C4<000000000000000000000000000000>, C4<0>, C4<0>, C4<0>;
v0x564110d5d350_0 .net "mem_addr", 29 0, L_0x7fa474e61018;  1 drivers
v0x564110d5d3f0_0 .net "mem_data_in", 31 0, L_0x564110d310d0;  1 drivers
v0x564110d5d4b0_0 .net "mem_data_out", 31 0, o0x7fa474eabe18;  0 drivers
o0x7fa474eabe48 .functor BUFZ 1, C4<z>; HiZ drive
v0x564110d5d590_0 .net "mem_excpt", 0 0, o0x7fa474eabe48;  0 drivers
L_0x7fa474e61060 .functor BUFT 1, C4<0000>, C4<0>, C4<0>, C4<0>;
v0x564110d5d650_0 .net "mem_write_en", 3 0, L_0x7fa474e61060;  1 drivers
v0x564110d5d730_0 .net "nextnextpc", 31 0, L_0x564110d6e050;  1 drivers
v0x564110d5d840_0 .net "nextpc", 31 0, v0x564110d59800_0;  1 drivers
v0x564110d5d900_0 .net "pc", 31 0, v0x564110d58fb0_0;  1 drivers
L_0x7fa474e61408 .functor BUFT 1, C4<00000000000000000000000000001010>, C4<0>, C4<0>, C4<0>;
v0x564110d5d9c0_0 .net "r_v0", 31 0, L_0x7fa474e61408;  1 drivers
o0x7fa474eaa078 .functor BUFZ 32, C4<zzzzzzzzzzzzzzzzzzzzzzzzzzzzzzzz>; HiZ drive
v0x564110d5da80_0 .net "rs_data", 31 0, o0x7fa474eaa078;  0 drivers
o0x7fa474eaa3a8 .functor BUFZ 1, C4<z>; HiZ drive
v0x564110d5db70_0 .net "rst_b", 0 0, o0x7fa474eaa3a8;  0 drivers
v0x564110d5dc10_0 .net "syscall_halt", 0 0, L_0x564110d71cb0;  1 drivers
L_0x564110d6e0f0 .part v0x564110d58fb0_0, 2, 30;
L_0x564110d6e190 .part o0x7fa474eabd58, 26, 6;
L_0x564110d6e280 .part o0x7fa474eabd58, 21, 5;
L_0x564110d6e3a0 .part o0x7fa474eabd58, 16, 5;
L_0x564110d6e470 .part o0x7fa474eabd58, 11, 5;
L_0x564110d6e540 .part o0x7fa474eabd58, 6, 5;
L_0x564110d6e650 .part o0x7fa474eabd58, 16, 1;
L_0x564110d6e6f0 .part o0x7fa474eabd58, 0, 5;
L_0x564110d6e810 .part o0x7fa474eabd58, 0, 6;
L_0x564110d6e9c0 .part o0x7fa474eabd58, 0, 16;
L_0x564110d6eac0 .part L_0x564110d6e9c0, 15, 1;
LS_0x564110d6eb90_0_0 .concat [ 1 1 1 1], L_0x564110d6eac0, L_0x564110d6eac0, L_0x564110d6eac0, L_0x564110d6eac0;
LS_0x564110d6eb90_0_4 .concat [ 1 1 1 1], L_0x564110d6eac0, L_0x564110d6eac0, L_0x564110d6eac0, L_0x564110d6eac0;
LS_0x564110d6eb90_0_8 .concat [ 1 1 1 1], L_0x564110d6eac0, L_0x564110d6eac0, L_0x564110d6eac0, L_0x564110d6eac0;
LS_0x564110d6eb90_0_12 .concat [ 1 1 0 0], L_0x564110d6eac0, L_0x564110d6eac0;
L_0x564110d6eb90 .concat [ 4 4 4 2], LS_0x564110d6eb90_0_0, LS_0x564110d6eb90_0_4, LS_0x564110d6eb90_0_8, LS_0x564110d6eb90_0_12;
L_0x564110d6ee80 .concat [ 2 16 14 0], L_0x7fa474e610f0, L_0x564110d6e9c0, L_0x564110d6eb90;
L_0x564110d6efd0 .part L_0x564110d6e9c0, 15, 1;
LS_0x564110d6f0f0_0_0 .concat [ 1 1 1 1], L_0x564110d6efd0, L_0x564110d6efd0, L_0x564110d6efd0, L_0x564110d6efd0;
LS_0x564110d6f0f0_0_4 .concat [ 1 1 1 1], L_0x564110d6efd0, L_0x564110d6efd0, L_0x564110d6efd0, L_0x564110d6efd0;
LS_0x564110d6f0f0_0_8 .concat [ 1 1 1 1], L_0x564110d6efd0, L_0x564110d6efd0, L_0x564110d6efd0, L_0x564110d6efd0;
LS_0x564110d6f0f0_0_12 .concat [ 1 1 1 1], L_0x564110d6efd0, L_0x564110d6efd0, L_0x564110d6efd0, L_0x564110d6efd0;
L_0x564110d6f0f0 .concat [ 4 4 4 4], LS_0x564110d6f0f0_0_0, LS_0x564110d6f0f0_0_4, LS_0x564110d6f0f0_0_8, LS_0x564110d6f0f0_0_12;
L_0x564110d6f540 .concat [ 16 16 0 0], L_0x564110d6e9c0, L_0x564110d6f0f0;
L_0x564110d6f670 .part o0x7fa474eabd58, 0, 16;
L_0x564110d6f790 .concat [ 16 16 0 0], L_0x564110d6f670, L_0x7fa474e61138;
L_0x564110d6f970 .part L_0x564110d6f670, 15, 1;
LS_0x564110d6fa10_0_0 .concat [ 1 1 1 1], L_0x564110d6f970, L_0x564110d6f970, L_0x564110d6f970, L_0x564110d6f970;
LS_0x564110d6fa10_0_4 .concat [ 1 1 1 1], L_0x564110d6f970, L_0x564110d6f970, L_0x564110d6f970, L_0x564110d6f970;
LS_0x564110d6fa10_0_8 .concat [ 1 1 1 1], L_0x564110d6f970, L_0x564110d6f970, L_0x564110d6f970, L_0x564110d6f970;
LS_0x564110d6fa10_0_12 .concat [ 1 1 1 1], L_0x564110d6f970, L_0x564110d6f970, L_0x564110d6f970, L_0x564110d6f970;
L_0x564110d6fa10 .concat [ 4 4 4 4], LS_0x564110d6fa10_0_0, LS_0x564110d6fa10_0_4, LS_0x564110d6fa10_0_8, LS_0x564110d6fa10_0_12;
L_0x564110d6f8d0 .concat [ 16 16 0 0], L_0x564110d6f670, L_0x564110d6fa10;
L_0x564110d6fdc0 .part o0x7fa474eabd58, 0, 26;
L_0x564110d6ff20 .part o0x7fa474eabd58, 6, 20;
L_0x564110d71490 .part v0x564110d58fb0_0, 0, 2;
L_0x564110d71690 .cmp/ne 2, L_0x564110d71490, L_0x7fa474e61258;
L_0x564110d71780 .functor MUXZ 1, L_0x7fa474e612e8, L_0x7fa474e612a0, L_0x564110d71690, C4<>;
L_0x564110d71f10 .concat [ 2 5 25 0], L_0x7fa474e61528, v0x564110d571c0_0, L_0x7fa474e614e0;
S_0x564110d331b0 .scope module, "ALU" "mips_ALU" 3 184, 3 229 0, S_0x564110d38630;
 .timescale 0 0;
    .port_info 0 /OUTPUT 32 "alu__out";
    .port_info 1 /INPUT 32 "alu__op1";
    .port_info 2 /INPUT 32 "alu__op2";
    .port_info 3 /INPUT 4 "alu__sel";
v0x564110d3b500_0 .net "alu__op1", 31 0, o0x7fa474eaa078;  alias, 0 drivers
v0x564110d535e0_0 .net "alu__op2", 31 0, L_0x564110d6f8d0;  alias, 1 drivers
v0x564110d53680_0 .net "alu__out", 31 0, L_0x564110d70280;  alias, 1 drivers
v0x564110d53780_0 .net "alu__sel", 3 0, v0x564110d54bc0_0;  alias, 1 drivers
L_0x564110d70350 .part v0x564110d54bc0_0, 0, 1;
S_0x564110d21370 .scope module, "AdderUnit" "adder" 3 235, 3 276 0, S_0x564110d331b0;
 .timescale 0 0;
    .port_info 0 /OUTPUT 32 "out";
    .port_info 1 /INPUT 32 "in1";
    .port_info 2 /INPUT 32 "in2";
    .port_info 3 /INPUT 1 "sub";
v0x564110d31290_0 .net *"_ivl_0", 31 0, L_0x564110d6ffc0;  1 drivers
v0x564110d37240_0 .net *"_ivl_2", 31 0, L_0x564110d70120;  1 drivers
v0x564110d372e0_0 .net "in1", 31 0, o0x7fa474eaa078;  alias, 0 drivers
v0x564110d37ab0_0 .net "in2", 31 0, L_0x564110d6f8d0;  alias, 1 drivers
v0x564110d37b50_0 .net "out", 31 0, L_0x564110d70280;  alias, 1 drivers
v0x564110d3aab0_0 .net "sub", 0 0, L_0x564110d70350;  1 drivers
L_0x564110d6ffc0 .arith/sub 32, o0x7fa474eaa078, L_0x564110d6f8d0;
L_0x564110d70120 .arith/sum 32, o0x7fa474eaa078, L_0x564110d6f8d0;
L_0x564110d70280 .functor MUXZ 32, L_0x564110d70120, L_0x564110d6ffc0, L_0x564110d70350, C4<>;
S_0x564110d538d0 .scope module, "BadVAddrReg" "register" 3 216, 3 248 0, S_0x564110d38630;
 .timescale 0 0;
    .port_info 0 /OUTPUT 32 "q";
    .port_info 1 /INPUT 32 "d";
    .port_info 2 /INPUT 1 "clk";
    .port_info 3 /INPUT 1 "enable";
    .port_info 4 /INPUT 1 "rst_b";
P_0x564110d0cf70 .param/l "reset_value" 0 3 252, +C4<00000000000000000000000000000000>;
P_0x564110d0cfb0 .param/l "width" 0 3 251, +C4<00000000000000000000000000100000>;
v0x564110d53bf0_0 .net "clk", 0 0, o0x7fa474eaa2e8;  alias, 0 drivers
v0x564110d53cd0_0 .net "d", 31 0, v0x564110d58fb0_0;  alias, 1 drivers
v0x564110d53db0_0 .net "enable", 0 0, L_0x564110d710d0;  alias, 1 drivers
v0x564110d53e80_0 .var "q", 31 0;
v0x564110d53f60_0 .net "rst_b", 0 0, o0x7fa474eaa3a8;  alias, 0 drivers
E_0x564110d0bde0/0 .event negedge, v0x564110d53f60_0;
E_0x564110d0bde0/1 .event posedge, v0x564110d53bf0_0;
E_0x564110d0bde0 .event/or E_0x564110d0bde0/0, E_0x564110d0bde0/1;
S_0x564110d54110 .scope module, "CauseReg" "register" 3 213, 3 248 0, S_0x564110d38630;
 .timescale 0 0;
    .port_info 0 /OUTPUT 32 "q";
    .port_info 1 /INPUT 32 "d";
    .port_info 2 /INPUT 1 "clk";
    .port_info 3 /INPUT 1 "enable";
    .port_info 4 /INPUT 1 "rst_b";
P_0x564110d38990 .param/l "reset_value" 0 3 252, +C4<00000000000000000000000000000000>;
P_0x564110d389d0 .param/l "width" 0 3 251, +C4<00000000000000000000000000100000>;
v0x564110d54420_0 .net "clk", 0 0, o0x7fa474eaa2e8;  alias, 0 drivers
v0x564110d544f0_0 .net "d", 31 0, L_0x564110d71f10;  1 drivers
v0x564110d545b0_0 .net "enable", 0 0, L_0x564110d70bc0;  alias, 1 drivers
v0x564110d54680_0 .var "q", 31 0;
v0x564110d54760_0 .net "rst_b", 0 0, o0x7fa474eaa3a8;  alias, 0 drivers
S_0x564110d54900 .scope module, "Decoder" "mips_decode" 3 155, 4 54 0, S_0x564110d38630;
 .timescale 0 0;
    .port_info 0 /OUTPUT 1 "ctrl_we";
    .port_info 1 /OUTPUT 1 "ctrl_Sys";
    .port_info 2 /OUTPUT 1 "ctrl_RI";
    .port_info 3 /OUTPUT 4 "alu__sel";
    .port_info 4 /INPUT 6 "dcd_op";
    .port_info 5 /INPUT 6 "dcd_funct2";
v0x564110d54bc0_0 .var "alu__sel", 3 0;
v0x564110d54ca0_0 .var "ctrl_RI", 0 0;
v0x564110d54d40_0 .var "ctrl_Sys", 0 0;
v0x564110d54e10_0 .var "ctrl_we", 0 0;
v0x564110d54ed0_0 .net "dcd_funct2", 5 0, L_0x564110d6e810;  alias, 1 drivers
v0x564110d55000_0 .net "dcd_op", 5 0, L_0x564110d6e190;  alias, 1 drivers
E_0x564110d0b8c0 .event edge, v0x564110d55000_0, v0x564110d54ed0_0;
S_0x564110d551a0 .scope module, "EPCReg" "register" 3 212, 3 248 0, S_0x564110d38630;
 .timescale 0 0;
    .port_info 0 /OUTPUT 32 "q";
    .port_info 1 /INPUT 32 "d";
    .port_info 2 /INPUT 1 "clk";
    .port_info 3 /INPUT 1 "enable";
    .port_info 4 /INPUT 1 "rst_b";
P_0x564110d3a980 .param/l "reset_value" 0 3 252, +C4<00000000000000000000000000000000>;
P_0x564110d3a9c0 .param/l "width" 0 3 251, +C4<00000000000000000000000000100000>;
v0x564110d555b0_0 .net "clk", 0 0, o0x7fa474eaa2e8;  alias, 0 drivers
v0x564110d556c0_0 .net "d", 31 0, v0x564110d58fb0_0;  alias, 1 drivers
v0x564110d55780_0 .net "enable", 0 0, L_0x564110d70bc0;  alias, 1 drivers
v0x564110d55880_0 .var "q", 31 0;
v0x564110d55920_0 .net "rst_b", 0 0, o0x7fa474eaa3a8;  alias, 0 drivers
S_0x564110d55ae0 .scope module, "EU" "exception_unit" 3 190, 5 40 0, S_0x564110d38630;
 .timescale 0 0;
    .port_info 0 /OUTPUT 1 "exception_halt";
    .port_info 1 /OUTPUT 1 "load_ex_regs";
    .port_info 2 /OUTPUT 1 "load_bva";
    .port_info 3 /OUTPUT 5 "cause";
    .port_info 4 /OUTPUT 1 "load_bva_sel";
    .port_info 5 /INPUT 32 "pc";
    .port_info 6 /INPUT 1 "IBE";
    .port_info 7 /INPUT 1 "DBE";
    .port_info 8 /INPUT 1 "RI";
    .port_info 9 /INPUT 1 "Ov";
    .port_info 10 /INPUT 1 "BP";
    .port_info 11 /INPUT 1 "AdEL_inst";
    .port_info 12 /INPUT 1 "AdEL_data";
    .port_info 13 /INPUT 1 "AdES";
    .port_info 14 /INPUT 1 "CpU";
    .port_info 15 /INPUT 1 "clk";
    .port_info 16 /INPUT 1 "rst_b";
L_0x564110d6ee10 .functor OR 1, L_0x564110d71780, o0x7fa474eaaa98, C4<0>, C4<0>;
L_0x564110d3a810 .functor AND 1, o0x7fa474eaa3a8, L_0x564110d6ee10, C4<1>, C4<1>;
L_0x7fa474e61180 .functor BUFT 1, C4<0>, C4<0>, C4<0>, C4<0>;
L_0x564110d3b490 .functor OR 1, o0x7fa474eaaa98, L_0x7fa474e61180, C4<0>, C4<0>;
L_0x564110d704e0 .functor OR 1, L_0x564110d3b490, v0x564110d54ca0_0, C4<0>, C4<0>;
L_0x7fa474e611c8 .functor BUFT 1, C4<0>, C4<0>, C4<0>, C4<0>;
L_0x564110d705d0 .functor OR 1, L_0x564110d704e0, L_0x7fa474e611c8, C4<0>, C4<0>;
L_0x7fa474e61210 .functor BUFT 1, C4<0>, C4<0>, C4<0>, C4<0>;
L_0x564110d70690 .functor OR 1, L_0x564110d705d0, L_0x7fa474e61210, C4<0>, C4<0>;
L_0x564110d70790 .functor OR 1, L_0x564110d70690, L_0x564110d71780, C4<0>, C4<0>;
L_0x7fa474e61330 .functor BUFT 1, C4<0>, C4<0>, C4<0>, C4<0>;
L_0x564110d708a0 .functor OR 1, L_0x564110d70790, L_0x7fa474e61330, C4<0>, C4<0>;
L_0x7fa474e61378 .functor BUFT 1, C4<0>, C4<0>, C4<0>, C4<0>;
L_0x564110d709b0 .functor OR 1, L_0x564110d708a0, L_0x7fa474e61378, C4<0>, C4<0>;
L_0x7fa474e613c0 .functor BUFT 1, C4<0>, C4<0>, C4<0>, C4<0>;
L_0x564110d70a70 .functor OR 1, L_0x564110d709b0, L_0x7fa474e613c0, C4<0>, C4<0>;
L_0x564110d70bc0 .functor AND 1, o0x7fa474eaa3a8, L_0x564110d70a70, C4<1>, C4<1>;
L_0x564110d70cc0 .functor OR 1, L_0x564110d71780, L_0x7fa474e61330, C4<0>, C4<0>;
L_0x564110d70da0 .functor OR 1, L_0x564110d70cc0, L_0x7fa474e61378, C4<0>, C4<0>;
L_0x564110d70eb0 .functor OR 1, L_0x564110d70da0, o0x7fa474eaaa98, C4<0>, C4<0>;
L_0x564110d70d30 .functor OR 1, L_0x564110d70eb0, L_0x7fa474e61180, C4<0>, C4<0>;
L_0x564110d710d0 .functor AND 1, o0x7fa474eaa3a8, L_0x564110d70d30, C4<1>, C4<1>;
L_0x564110d71220 .functor OR 1, L_0x7fa474e61330, L_0x7fa474e61378, C4<0>, C4<0>;
L_0x564110d71290 .functor OR 1, L_0x564110d71220, L_0x7fa474e61180, C4<0>, C4<0>;
v0x564110d55ed0_0 .net "AdEL_data", 0 0, L_0x7fa474e61330;  1 drivers
v0x564110d55fb0_0 .net "AdEL_inst", 0 0, L_0x564110d71780;  1 drivers
v0x564110d56070_0 .net "AdES", 0 0, L_0x7fa474e61378;  1 drivers
v0x564110d56110_0 .net "BP", 0 0, L_0x7fa474e61210;  1 drivers
v0x564110d561d0_0 .net "CpU", 0 0, L_0x7fa474e613c0;  1 drivers
v0x564110d562e0_0 .net "DBE", 0 0, L_0x7fa474e61180;  1 drivers
v0x564110d563a0_0 .net "IBE", 0 0, o0x7fa474eaaa98;  alias, 0 drivers
v0x564110d56460_0 .net "Ov", 0 0, L_0x7fa474e611c8;  1 drivers
v0x564110d56520_0 .net "RI", 0 0, v0x564110d54ca0_0;  alias, 1 drivers
v0x564110d56650_0 .net *"_ivl_1", 0 0, L_0x564110d6ee10;  1 drivers
v0x564110d566f0_0 .net *"_ivl_11", 0 0, L_0x564110d70690;  1 drivers
v0x564110d567b0_0 .net *"_ivl_13", 0 0, L_0x564110d70790;  1 drivers
v0x564110d56870_0 .net *"_ivl_15", 0 0, L_0x564110d708a0;  1 drivers
v0x564110d56930_0 .net *"_ivl_17", 0 0, L_0x564110d709b0;  1 drivers
v0x564110d569f0_0 .net *"_ivl_19", 0 0, L_0x564110d70a70;  1 drivers
v0x564110d56ab0_0 .net *"_ivl_23", 0 0, L_0x564110d70cc0;  1 drivers
v0x564110d56b70_0 .net *"_ivl_25", 0 0, L_0x564110d70da0;  1 drivers
v0x564110d56d40_0 .net *"_ivl_27", 0 0, L_0x564110d70eb0;  1 drivers
v0x564110d56e00_0 .net *"_ivl_29", 0 0, L_0x564110d70d30;  1 drivers
v0x564110d56ec0_0 .net *"_ivl_33", 0 0, L_0x564110d71220;  1 drivers
v0x564110d56f80_0 .net *"_ivl_5", 0 0, L_0x564110d3b490;  1 drivers
v0x564110d57040_0 .net *"_ivl_7", 0 0, L_0x564110d704e0;  1 drivers
v0x564110d57100_0 .net *"_ivl_9", 0 0, L_0x564110d705d0;  1 drivers
v0x564110d571c0_0 .var "cause", 4 0;
v0x564110d572a0_0 .net "clk", 0 0, o0x7fa474eaa2e8;  alias, 0 drivers
v0x564110d57340_0 .net "exception_halt", 0 0, L_0x564110d3a810;  alias, 1 drivers
v0x564110d57400_0 .net "load_bva", 0 0, L_0x564110d710d0;  alias, 1 drivers
v0x564110d574a0_0 .net "load_bva_sel", 0 0, L_0x564110d71290;  alias, 1 drivers
v0x564110d57540_0 .net "load_ex_regs", 0 0, L_0x564110d70bc0;  alias, 1 drivers
v0x564110d575e0_0 .net "pc", 31 0, v0x564110d58fb0_0;  alias, 1 drivers
v0x564110d576f0_0 .net "rst_b", 0 0, o0x7fa474eaa3a8;  alias, 0 drivers
E_0x564110d0bb50/0 .event edge, v0x564110d55fb0_0, v0x564110d55ed0_0, v0x564110d56070_0, v0x564110d563a0_0;
E_0x564110d0bb50/1 .event edge, v0x564110d562e0_0, v0x564110d561d0_0, v0x564110d54ca0_0, v0x564110d56460_0;
E_0x564110d0bb50/2 .event edge, v0x564110d56110_0;
E_0x564110d0bb50 .event/or E_0x564110d0bb50/0, E_0x564110d0bb50/1, E_0x564110d0bb50/2;
S_0x564110d579b0 .scope module, "Halt" "register" 3 211, 3 248 0, S_0x564110d38630;
 .timescale 0 0;
    .port_info 0 /OUTPUT 1 "q";
    .port_info 1 /INPUT 1 "d";
    .port_info 2 /INPUT 1 "clk";
    .port_info 3 /INPUT 1 "enable";
    .port_info 4 /INPUT 1 "rst_b";
P_0x564110d55420 .param/l "reset_value" 0 3 252, +C4<00000000000000000000000000000000>;
P_0x564110d55460 .param/l "width" 0 3 251, +C4<00000000000000000000000000000001>;
v0x564110d57d70_0 .net "clk", 0 0, o0x7fa474eaa2e8;  alias, 0 drivers
v0x564110d57e30_0 .net "d", 0 0, L_0x564110d71e10;  alias, 1 drivers
L_0x7fa474e61498 .functor BUFT 1, C4<1>, C4<0>, C4<0>, C4<0>;
v0x564110d57f10_0 .net "enable", 0 0, L_0x7fa474e61498;  1 drivers
v0x564110d57fe0_0 .var "q", 0 0;
v0x564110d580c0_0 .net "rst_b", 0 0, o0x7fa474eaa3a8;  alias, 0 drivers
S_0x564110d58290 .scope module, "NextPCAdder" "add_const" 3 109, 3 292 0, S_0x564110d38630;
 .timescale 0 0;
    .port_info 0 /OUTPUT 32 "out";
    .port_info 1 /INPUT 32 "in";
P_0x564110d58420 .param/l "add_value" 0 3 294, +C4<00000000000000000000000000000100>;
L_0x7fa474e610a8 .functor BUFT 1, C4<00000000000000000000000000000100>, C4<0>, C4<0>, C4<0>;
v0x564110d58570_0 .net/2u *"_ivl_0", 31 0, L_0x7fa474e610a8;  1 drivers
v0x564110d58670_0 .net "in", 31 0, v0x564110d59800_0;  alias, 1 drivers
v0x564110d58750_0 .net "out", 31 0, L_0x564110d6e050;  alias, 1 drivers
L_0x564110d6e050 .arith/sum 32, v0x564110d59800_0, L_0x7fa474e610a8;
S_0x564110d588a0 .scope module, "PCReg" "register" 3 106, 3 248 0, S_0x564110d38630;
 .timescale 0 0;
    .port_info 0 /OUTPUT 32 "q";
    .port_info 1 /INPUT 32 "d";
    .port_info 2 /INPUT 1 "clk";
    .port_info 3 /INPUT 1 "enable";
    .port_info 4 /INPUT 1 "rst_b";
P_0x564110d58a80 .param/l "reset_value" 0 3 252, C4<00000000010000000000000000000000>;
P_0x564110d58ac0 .param/l "width" 0 3 251, +C4<00000000000000000000000000100000>;
v0x564110d58d50_0 .net "clk", 0 0, o0x7fa474eaa2e8;  alias, 0 drivers
v0x564110d58df0_0 .net "d", 31 0, v0x564110d59800_0;  alias, 1 drivers
v0x564110d58ee0_0 .net "enable", 0 0, L_0x564110d37120;  1 drivers
v0x564110d58fb0_0 .var "q", 31 0;
v0x564110d59050_0 .net "rst_b", 0 0, o0x7fa474eaa3a8;  alias, 0 drivers
S_0x564110d59190 .scope module, "PCReg2" "register" 3 107, 3 248 0, S_0x564110d38630;
 .timescale 0 0;
    .port_info 0 /OUTPUT 32 "q";
    .port_info 1 /INPUT 32 "d";
    .port_info 2 /INPUT 1 "clk";
    .port_info 3 /INPUT 1 "enable";
    .port_info 4 /INPUT 1 "rst_b";
P_0x564110d58b60 .param/l "reset_value" 0 3 252, C4<000000000010000000000000000000100>;
P_0x564110d58ba0 .param/l "width" 0 3 251, +C4<00000000000000000000000000100000>;
v0x564110d59580_0 .net "clk", 0 0, o0x7fa474eaa2e8;  alias, 0 drivers
v0x564110d59640_0 .net "d", 31 0, L_0x564110d6e050;  alias, 1 drivers
v0x564110d59730_0 .net "enable", 0 0, L_0x564110d37990;  1 drivers
v0x564110d59800_0 .var "q", 31 0;
v0x564110d598f0_0 .net "rst_b", 0 0, o0x7fa474eaa3a8;  alias, 0 drivers
S_0x564110d59a80 .scope module, "SU" "syscall_unit" 3 208, 6 40 0, S_0x564110d38630;
 .timescale 0 0;
    .port_info 0 /OUTPUT 1 "syscall_halt";
    .port_info 1 /INPUT 32 "pc";
    .port_info 2 /INPUT 32 "r_v0";
    .port_info 3 /INPUT 1 "Sys";
    .port_info 4 /INPUT 1 "rst_b";
    .port_info 5 /INPUT 1 "clk";
L_0x564110d71b50 .functor AND 1, o0x7fa474eaa3a8, v0x564110d54d40_0, C4<1>, C4<1>;
L_0x564110d71cb0 .functor AND 1, L_0x564110d71b50, L_0x564110d71bc0, C4<1>, C4<1>;
v0x564110d59d80_0 .net "Sys", 0 0, v0x564110d54d40_0;  alias, 1 drivers
v0x564110d59e40_0 .net *"_ivl_1", 0 0, L_0x564110d71b50;  1 drivers
L_0x7fa474e61450 .functor BUFT 1, C4<00000000000000000000000000001010>, C4<0>, C4<0>, C4<0>;
v0x564110d59ee0_0 .net/2u *"_ivl_2", 31 0, L_0x7fa474e61450;  1 drivers
v0x564110d59fa0_0 .net *"_ivl_4", 0 0, L_0x564110d71bc0;  1 drivers
v0x564110d5a060_0 .net "clk", 0 0, o0x7fa474eaa2e8;  alias, 0 drivers
v0x564110d5a150_0 .net "pc", 31 0, v0x564110d58fb0_0;  alias, 1 drivers
v0x564110d5a210_0 .net "r_v0", 31 0, L_0x7fa474e61408;  alias, 1 drivers
v0x564110d5a2f0_0 .net "rst_b", 0 0, o0x7fa474eaa3a8;  alias, 0 drivers
v0x564110d5a390_0 .net "syscall_halt", 0 0, L_0x564110d71cb0;  alias, 1 drivers
E_0x564110d59d00 .event posedge, v0x564110d53bf0_0;
L_0x564110d71bc0 .cmp/eq 32, L_0x7fa474e61408, L_0x7fa474e61450;
    .scope S_0x564110d588a0;
T_0 ;
    %wait E_0x564110d0bde0;
    %load/vec4 v0x564110d59050_0;
    %inv;
    %flag_set/vec4 8;
    %jmp/0xz  T_0.0, 8;
    %pushi/vec4 4194304, 0, 32;
    %assign/vec4 v0x564110d58fb0_0, 0;
    %jmp T_0.1;
T_0.0 ;
    %load/vec4 v0x564110d58ee0_0;
    %flag_set/vec4 8;
    %jmp/0xz  T_0.2, 8;
    %load/vec4 v0x564110d58df0_0;
    %assign/vec4 v0x564110d58fb0_0, 0;
T_0.2 ;
T_0.1 ;
    %jmp T_0;
    .thread T_0;
    .scope S_0x564110d59190;
T_1 ;
    %wait E_0x564110d0bde0;
    %load/vec4 v0x564110d598f0_0;
    %inv;
    %flag_set/vec4 8;
    %jmp/0xz  T_1.0, 8;
    %pushi/vec4 4194308, 0, 32;
    %assign/vec4 v0x564110d59800_0, 0;
    %jmp T_1.1;
T_1.0 ;
    %load/vec4 v0x564110d59730_0;
    %flag_set/vec4 8;
    %jmp/0xz  T_1.2, 8;
    %load/vec4 v0x564110d59640_0;
    %assign/vec4 v0x564110d59800_0, 0;
T_1.2 ;
T_1.1 ;
    %jmp T_1;
    .thread T_1;
    .scope S_0x564110d54900;
T_2 ;
    %wait E_0x564110d0b8c0;
    %pushi/vec4 15, 15, 4;
    %store/vec4 v0x564110d54bc0_0, 0, 4;
    %pushi/vec4 0, 0, 1;
    %store/vec4 v0x564110d54e10_0, 0, 1;
    %pushi/vec4 0, 0, 1;
    %store/vec4 v0x564110d54d40_0, 0, 1;
    %pushi/vec4 0, 0, 1;
    %store/vec4 v0x564110d54ca0_0, 0, 1;
    %load/vec4 v0x564110d55000_0;
    %dup/vec4;
    %pushi/vec4 0, 0, 6;
    %cmp/u;
    %jmp/1 T_2.0, 6;
    %dup/vec4;
    %pushi/vec4 9, 0, 6;
    %cmp/u;
    %jmp/1 T_2.1, 6;
    %pushi/vec4 1, 0, 1;
    %store/vec4 v0x564110d54ca0_0, 0, 1;
    %jmp T_2.3;
T_2.0 ;
    %load/vec4 v0x564110d54ed0_0;
    %dup/vec4;
    %pushi/vec4 12, 0, 6;
    %cmp/u;
    %jmp/1 T_2.4, 6;
    %pushi/vec4 1, 0, 1;
    %store/vec4 v0x564110d54ca0_0, 0, 1;
    %jmp T_2.6;
T_2.4 ;
    %pushi/vec4 1, 0, 1;
    %store/vec4 v0x564110d54d40_0, 0, 1;
    %jmp T_2.6;
T_2.6 ;
    %pop/vec4 1;
    %jmp T_2.3;
T_2.1 ;
    %pushi/vec4 0, 0, 4;
    %store/vec4 v0x564110d54bc0_0, 0, 4;
    %pushi/vec4 1, 0, 1;
    %store/vec4 v0x564110d54e10_0, 0, 1;
    %jmp T_2.3;
T_2.3 ;
    %pop/vec4 1;
    %jmp T_2;
    .thread T_2, $push;
    .scope S_0x564110d55ae0;
T_3 ;
    %wait E_0x564110d0bb50;
    %pushi/vec4 0, 0, 5;
    %store/vec4 v0x564110d571c0_0, 0, 5;
    %pushi/vec4 1, 0, 1;
    %dup/vec4;
    %load/vec4 v0x564110d55fb0_0;
    %cmp/u;
    %jmp/1 T_3.0, 6;
    %dup/vec4;
    %load/vec4 v0x564110d55ed0_0;
    %cmp/u;
    %jmp/1 T_3.1, 6;
    %dup/vec4;
    %load/vec4 v0x564110d56070_0;
    %cmp/u;
    %jmp/1 T_3.2, 6;
    %dup/vec4;
    %load/vec4 v0x564110d563a0_0;
    %cmp/u;
    %jmp/1 T_3.3, 6;
    %dup/vec4;
    %load/vec4 v0x564110d562e0_0;
    %cmp/u;
    %jmp/1 T_3.4, 6;
    %dup/vec4;
    %load/vec4 v0x564110d561d0_0;
    %cmp/u;
    %jmp/1 T_3.5, 6;
    %dup/vec4;
    %load/vec4 v0x564110d56520_0;
    %cmp/u;
    %jmp/1 T_3.6, 6;
    %dup/vec4;
    %load/vec4 v0x564110d56460_0;
    %cmp/u;
    %jmp/1 T_3.7, 6;
    %dup/vec4;
    %load/vec4 v0x564110d56110_0;
    %cmp/u;
    %jmp/1 T_3.8, 6;
    %jmp T_3.9;
T_3.0 ;
    %pushi/vec4 4, 0, 5;
    %store/vec4 v0x564110d571c0_0, 0, 5;
    %jmp T_3.9;
T_3.1 ;
    %pushi/vec4 4, 0, 5;
    %store/vec4 v0x564110d571c0_0, 0, 5;
    %jmp T_3.9;
T_3.2 ;
    %pushi/vec4 5, 0, 5;
    %store/vec4 v0x564110d571c0_0, 0, 5;
    %jmp T_3.9;
T_3.3 ;
    %pushi/vec4 6, 0, 5;
    %store/vec4 v0x564110d571c0_0, 0, 5;
    %jmp T_3.9;
T_3.4 ;
    %pushi/vec4 7, 0, 5;
    %store/vec4 v0x564110d571c0_0, 0, 5;
    %jmp T_3.9;
T_3.5 ;
    %pushi/vec4 11, 0, 5;
    %store/vec4 v0x564110d571c0_0, 0, 5;
    %jmp T_3.9;
T_3.6 ;
    %pushi/vec4 10, 0, 5;
    %store/vec4 v0x564110d571c0_0, 0, 5;
    %jmp T_3.9;
T_3.7 ;
    %pushi/vec4 12, 0, 5;
    %store/vec4 v0x564110d571c0_0, 0, 5;
    %jmp T_3.9;
T_3.8 ;
    %pushi/vec4 9, 0, 5;
    %store/vec4 v0x564110d571c0_0, 0, 5;
    %jmp T_3.9;
T_3.9 ;
    %pop/vec4 1;
    %jmp T_3;
    .thread T_3, $push;
    .scope S_0x564110d55ae0;
T_4 ;
    %wait E_0x564110d0bde0;
    %load/vec4 v0x564110d576f0_0;
    %flag_set/vec4 8;
    %jmp/0xz  T_4.0, 8;
    %load/vec4 v0x564110d55fb0_0;
    %cmpi/e 1, 0, 1;
    %jmp/0xz  T_4.2, 4;
    %vpi_call/w 5 86 "$display", "[Address error exception on load at 0x%h]", v0x564110d575e0_0 {0 0 0};
    %jmp T_4.3;
T_4.2 ;
    %load/vec4 v0x564110d55ed0_0;
    %cmpi/e 1, 0, 1;
    %jmp/0xz  T_4.4, 4;
    %vpi_call/w 5 88 "$display", "[Address error exception on load at 0x%h]", v0x564110d575e0_0 {0 0 0};
    %jmp T_4.5;
T_4.4 ;
    %load/vec4 v0x564110d56070_0;
    %cmpi/e 1, 0, 1;
    %jmp/0xz  T_4.6, 4;
    %vpi_call/w 5 90 "$display", "[Address error exception on store at 0x%h]", v0x564110d575e0_0 {0 0 0};
    %jmp T_4.7;
T_4.6 ;
    %load/vec4 v0x564110d563a0_0;
    %cmpi/e 1, 0, 1;
    %jmp/0xz  T_4.8, 4;
    %vpi_call/w 5 92 "$display", "[Instruction bus error exception at 0x%h]", v0x564110d575e0_0 {0 0 0};
    %jmp T_4.9;
T_4.8 ;
    %load/vec4 v0x564110d562e0_0;
    %cmpi/e 1, 0, 1;
    %jmp/0xz  T_4.10, 4;
    %vpi_call/w 5 94 "$display", "[Data bus error exception at 0x%h]", v0x564110d575e0_0 {0 0 0};
    %jmp T_4.11;
T_4.10 ;
    %load/vec4 v0x564110d561d0_0;
    %cmpi/e 1, 0, 1;
    %jmp/0xz  T_4.12, 4;
    %vpi_call/w 5 96 "$display", "[Coprocessor unusable exception at 0x%h]", v0x564110d575e0_0 {0 0 0};
    %jmp T_4.13;
T_4.12 ;
    %load/vec4 v0x564110d56520_0;
    %cmpi/e 1, 0, 1;
    %jmp/0xz  T_4.14, 4;
    %vpi_call/w 5 98 "$display", "[Reserved instruction exception at 0x%h]", v0x564110d575e0_0 {0 0 0};
    %jmp T_4.15;
T_4.14 ;
    %load/vec4 v0x564110d56460_0;
    %cmpi/e 1, 0, 1;
    %jmp/0xz  T_4.16, 4;
    %vpi_call/w 5 100 "$display", "[Arithmetic overflow exception at 0x%h]", v0x564110d575e0_0 {0 0 0};
    %jmp T_4.17;
T_4.16 ;
    %load/vec4 v0x564110d56110_0;
    %cmpi/e 1, 0, 1;
    %jmp/0xz  T_4.18, 4;
    %vpi_call/w 5 102 "$display", "[Breakpoint exception at 0x%h]", v0x564110d575e0_0 {0 0 0};
T_4.18 ;
T_4.17 ;
T_4.15 ;
T_4.13 ;
T_4.11 ;
T_4.9 ;
T_4.7 ;
T_4.5 ;
T_4.3 ;
T_4.0 ;
    %jmp T_4;
    .thread T_4;
    .scope S_0x564110d59a80;
T_5 ;
    %wait E_0x564110d59d00;
    %load/vec4 v0x564110d5a2f0_0;
    %load/vec4 v0x564110d59d80_0;
    %and;
    %flag_set/vec4 8;
    %jmp/0xz  T_5.0, 8;
    %load/vec4 v0x564110d5a210_0;
    %dup/vec4;
    %pushi/vec4 10, 0, 32;
    %cmp/u;
    %jmp/1 T_5.2, 6;
    %jmp T_5.3;
T_5.2 ;
    %vpi_call/w 6 56 "$display", "[End of program at 0x%h]", v0x564110d5a150_0 {0 0 0};
    %jmp T_5.3;
T_5.3 ;
    %pop/vec4 1;
T_5.0 ;
    %jmp T_5;
    .thread T_5;
    .scope S_0x564110d579b0;
T_6 ;
    %wait E_0x564110d0bde0;
    %load/vec4 v0x564110d580c0_0;
    %inv;
    %flag_set/vec4 8;
    %jmp/0xz  T_6.0, 8;
    %pushi/vec4 0, 0, 1;
    %assign/vec4 v0x564110d57fe0_0, 0;
    %jmp T_6.1;
T_6.0 ;
    %load/vec4 v0x564110d57f10_0;
    %flag_set/vec4 8;
    %jmp/0xz  T_6.2, 8;
    %load/vec4 v0x564110d57e30_0;
    %assign/vec4 v0x564110d57fe0_0, 0;
T_6.2 ;
T_6.1 ;
    %jmp T_6;
    .thread T_6;
    .scope S_0x564110d551a0;
T_7 ;
    %wait E_0x564110d0bde0;
    %load/vec4 v0x564110d55920_0;
    %inv;
    %flag_set/vec4 8;
    %jmp/0xz  T_7.0, 8;
    %pushi/vec4 0, 0, 32;
    %assign/vec4 v0x564110d55880_0, 0;
    %jmp T_7.1;
T_7.0 ;
    %load/vec4 v0x564110d55780_0;
    %flag_set/vec4 8;
    %jmp/0xz  T_7.2, 8;
    %load/vec4 v0x564110d556c0_0;
    %assign/vec4 v0x564110d55880_0, 0;
T_7.2 ;
T_7.1 ;
    %jmp T_7;
    .thread T_7;
    .scope S_0x564110d54110;
T_8 ;
    %wait E_0x564110d0bde0;
    %load/vec4 v0x564110d54760_0;
    %inv;
    %flag_set/vec4 8;
    %jmp/0xz  T_8.0, 8;
    %pushi/vec4 0, 0, 32;
    %assign/vec4 v0x564110d54680_0, 0;
    %jmp T_8.1;
T_8.0 ;
    %load/vec4 v0x564110d545b0_0;
    %flag_set/vec4 8;
    %jmp/0xz  T_8.2, 8;
    %load/vec4 v0x564110d544f0_0;
    %assign/vec4 v0x564110d54680_0, 0;
T_8.2 ;
T_8.1 ;
    %jmp T_8;
    .thread T_8;
    .scope S_0x564110d538d0;
T_9 ;
    %wait E_0x564110d0bde0;
    %load/vec4 v0x564110d53f60_0;
    %inv;
    %flag_set/vec4 8;
    %jmp/0xz  T_9.0, 8;
    %pushi/vec4 0, 0, 32;
    %assign/vec4 v0x564110d53e80_0, 0;
    %jmp T_9.1;
T_9.0 ;
    %load/vec4 v0x564110d53db0_0;
    %flag_set/vec4 8;
    %jmp/0xz  T_9.2, 8;
    %load/vec4 v0x564110d53cd0_0;
    %assign/vec4 v0x564110d53e80_0, 0;
T_9.2 ;
T_9.1 ;
    %jmp T_9;
    .thread T_9;
    .scope S_0x564110d38630;
T_10 ;
    %wait E_0x564110d59d00;
    %load/vec4 v0x564110d5db70_0;
    %flag_set/vec4 8;
    %jmp/0xz  T_10.0, 8;
    %vpi_call/w 3 136 "$display", "=== Simulation Cycle %d ===", $time {0 0 0};
    %load/vec4 v0x564110d5db70_0;
    %inv;
    %vpi_call/w 3 137 "$display", "[pc=%x, inst=%x] [op=%x, rs=%d, rt=%d, rd=%d, imm=%x, f2=%x] [reset=%d, halted=%d]", v0x564110d5d900_0, v0x564110d5ce20_0, v0x564110d5c1b0_0, v0x564110d5c570_0, v0x564110d5c650_0, v0x564110d5c2a0_0, v0x564110d5c010_0, v0x564110d5bf50_0, S<0,vec4,u1>, v0x564110d5cd50_0 {1 0 0};
T_10.0 ;
    %jmp T_10;
    .thread T_10;
    .scope S_0x564110d38630;
T_11 ;
    %vpi_call/w 3 171 "$display", "\000" {0 0 0};
    %vpi_call/w 3 172 "$display", "\000" {0 0 0};
    %vpi_call/w 3 173 "$display", "\000" {0 0 0};
    %vpi_call/w 3 174 "$display", "\000" {0 0 0};
    %vpi_call/w 3 175 "$display", ">>>>> This works much better after you have hooked up the reg file. <<<<<" {0 0 0};
    %vpi_call/w 3 176 "$display", "\000" {0 0 0};
    %vpi_call/w 3 177 "$display", "\000" {0 0 0};
    %vpi_call/w 3 178 "$display", "\000" {0 0 0};
    %vpi_call/w 3 179 "$display", "\000" {0 0 0};
    %vpi_call/w 3 180 "$finish" {0 0 0};
    %end;
    .thread T_11;
# The file index is used to find the file name in the following table.
:file_names 7;
    "N/A";
    "<interactive>";
    "-";
    "mips_core.sv";
    "mips_decode.sv";
    "exception_unit.v";
    "syscall_unit.v";
